

Started GET "/assets/rails.png" for 127.0.0.1 at 2013-04-05 04:13:16 -0700
Connecting to database specified by database.yml
Served asset /rails.png - 200 OK (91ms)
Connecting to database specified by database.yml
Connecting to database specified by database.yml
  [1m[36m (0.3ms)[0m  [1mselect sqlite_version(*)[0m
  [1m[35m (2.1ms)[0m  CREATE TABLE "schema_migrations" ("version" varchar(255) NOT NULL) 
  [1m[36m (0.1ms)[0m  [1mPRAGMA index_list("schema_migrations")[0m
  [1m[35m (1.4ms)[0m  CREATE UNIQUE INDEX "unique_schema_migrations" ON "schema_migrations" ("version")
  [1m[36m (0.2ms)[0m  [1mSELECT "schema_migrations"."version" FROM "schema_migrations" [0m
Migrating to CreateStatuses (20130405111726)
  [1m[35m (0.1ms)[0m  begin transaction
  [1m[36m (0.8ms)[0m  [1mCREATE TABLE "statuses" ("id" INTEGER PRIMARY KEY AUTOINCREMENT NOT NULL, "name" varchar(255), "content" text, "created_at" datetime NOT NULL, "updated_at" datetime NOT NULL) [0m
  [1m[35m (0.3ms)[0m  INSERT INTO "schema_migrations" ("version") VALUES ('20130405111726')
  [1m[36m (1.0ms)[0m  [1mcommit transaction[0m
  [1m[35m (0.5ms)[0m  select sqlite_version(*)
  [1m[36m (0.2ms)[0m  [1mSELECT "schema_migrations"."version" FROM "schema_migrations" [0m
  [1m[35m (0.1ms)[0m  PRAGMA index_list("statuses")


Started GET "/statuses" for 127.0.0.1 at 2013-04-05 04:18:45 -0700
Connecting to database specified by database.yml
Processing by StatusesController#index as HTML
  [1m[36mStatus Load (0.4ms)[0m  [1mSELECT "statuses".* FROM "statuses" [0m
  Rendered statuses/index.html.erb within layouts/application (21.9ms)
Compiled scaffolds.css  (64ms)  (pid 2220)
Compiled statuses.css  (3ms)  (pid 2220)
Compiled application.css  (126ms)  (pid 2220)
Compiled jquery.js  (4ms)  (pid 2220)
Compiled jquery_ujs.js  (0ms)  (pid 2220)
Compiled statuses.js  (451ms)  (pid 2220)
Compiled application.js  (623ms)  (pid 2220)
Completed 200 OK in 1384ms (Views: 1243.4ms | ActiveRecord: 43.0ms)


Started GET "/assets/scaffolds.css?body=1" for 127.0.0.1 at 2013-04-05 04:18:47 -0700
Served asset /scaffolds.css - 200 OK (23ms)


Started GET "/assets/statuses.css?body=1" for 127.0.0.1 at 2013-04-05 04:18:47 -0700
Served asset /statuses.css - 200 OK (3ms)


Started GET "/assets/jquery_ujs.js?body=1" for 127.0.0.1 at 2013-04-05 04:18:47 -0700
Served asset /jquery_ujs.js - 200 OK (5ms)


Started GET "/assets/jquery.js?body=1" for 127.0.0.1 at 2013-04-05 04:18:47 -0700
Served asset /jquery.js - 200 OK (12ms)


Started GET "/assets/statuses.js?body=1" for 127.0.0.1 at 2013-04-05 04:18:47 -0700
Served asset /statuses.js - 200 OK (4ms)


Started GET "/assets/application.js?body=1" for 127.0.0.1 at 2013-04-05 04:18:47 -0700
Served asset /application.js - 200 OK (13ms)


Started GET "/assets/application.css?body=1" for 127.0.0.1 at 2013-04-05 04:18:47 -0700
Served asset /application.css - 200 OK (47ms)


Started GET "/statuses/new" for 127.0.0.1 at 2013-04-05 04:18:50 -0700
Processing by StatusesController#new as HTML
  Rendered statuses/_form.html.erb (52.0ms)
  Rendered statuses/new.html.erb within layouts/application (81.9ms)
Completed 200 OK in 107ms (Views: 93.6ms | ActiveRecord: 0.0ms)


Started POST "/statuses" for 127.0.0.1 at 2013-04-05 04:19:09 -0700
Processing by StatusesController#create as HTML
  Parameters: {"utf8"=>"✓", "authenticity_token"=>"wrrejSZBUdgkEDM1xRsvd1WZ/L9aW7OZbFirCLEf17g=", "status"=>{"name"=>"Devon", "content"=>"Prepping for startup weekend"}, "commit"=>"Create Status"}
  [1m[35m (0.2ms)[0m  begin transaction
  [1m[36mSQL (65.1ms)[0m  [1mINSERT INTO "statuses" ("content", "created_at", "name", "updated_at") VALUES (?, ?, ?, ?)[0m  [["content", "Prepping for startup weekend"], ["created_at", Fri, 05 Apr 2013 11:19:09 UTC +00:00], ["name", "Devon"], ["updated_at", Fri, 05 Apr 2013 11:19:09 UTC +00:00]]
  [1m[35m (1.2ms)[0m  commit transaction
Redirected to http://0.0.0.0:3000/statuses/1
Completed 302 Found in 75ms (ActiveRecord: 66.4ms)


Started GET "/statuses/1" for 127.0.0.1 at 2013-04-05 04:19:09 -0700
Processing by StatusesController#show as HTML
  Parameters: {"id"=>"1"}
  [1m[36mStatus Load (0.4ms)[0m  [1mSELECT "statuses".* FROM "statuses" WHERE "statuses"."id" = ? LIMIT 1[0m  [["id", "1"]]
  Rendered statuses/show.html.erb within layouts/application (2.4ms)
Completed 200 OK in 18ms (Views: 13.2ms | ActiveRecord: 0.4ms)


Started GET "/assets/scaffolds.css?body=1" for 127.0.0.1 at 2013-04-05 04:19:09 -0700
Served asset /scaffolds.css - 304 Not Modified (0ms)


Started GET "/assets/statuses.css?body=1" for 127.0.0.1 at 2013-04-05 04:19:09 -0700
Served asset /statuses.css - 304 Not Modified (0ms)


Started GET "/assets/statuses.js?body=1" for 127.0.0.1 at 2013-04-05 04:19:09 -0700
Served asset /statuses.js - 304 Not Modified (0ms)
